Arguments: 
  /usr/local/bin/node /usr/local/Cellar/yarn/1.19.2/libexec/bin/yarn.js install

PATH: 
  /Users/kabisa/.local/share/virtualenvs/Happiness-YqL3Gm3L/bin:/usr/local/bin:/usr/bin:/bin:/usr/sbin:/sbin:/Applications/VMware Fusion.app/Contents/Public

Yarn version: 
  1.19.2

Node version: 
  13.2.0

Platform: 
  darwin x64

Trace: 
  SyntaxError: /Users/kabisa/Documents/development/Projecten/Happiness/package.json: Unexpected token } in JSON at position 144
      at JSON.parse (<anonymous>)
      at /usr/local/Cellar/yarn/1.19.2/libexec/lib/cli.js:1625:59
      at Generator.next (<anonymous>)
      at step (/usr/local/Cellar/yarn/1.19.2/libexec/lib/cli.js:304:30)
      at /usr/local/Cellar/yarn/1.19.2/libexec/lib/cli.js:315:13

npm manifest: 
  {
      "husky": {
          "hooks": {
              "pre-commit": "lint-staged",
              "prepare-commit-msg": "prefix-commit-message",
          }
      },
      "lint-staged": {"*.py": ["pipenv run black --check", "pipenv run flake8"]},
      "devDependencies": {
          "husky": "^1.3.1",
          "lint-staged": "^8.1.5",
          "prefix-commit-message": "^1.1.0",
      }
  }

yarn manifest: 
  No manifest

Lockfile: 
  No lockfile
